<?xml version="1.0" encoding="UTF-8"?>
<!-- Generated by org.testng.reporters.JUnitXMLReporter -->
<testsuite hostname="Vinothini-PC" name="HelloWorld4" tests="1" failures="1" timestamp="18 Mar 2016 15:56:16 GMT" time="0.031" errors="0">
  <testcase name="getTest" time="0.03" classname="com.bluemeric.test.GenerateTest">
    <failure type="java.lang.AssertionError" message="Passed query parameter is Vidhya. But received reponse = Testing. Parameter is mismatching. Hence failing the test.">
      <![CDATA[java.lang.AssertionError: Passed query parameter is Vidhya. But received reponse = Testing. Parameter is mismatching. Hence failing the test.
	at com.bluemeric.test.GenerateTest.getTest(GenerateTest.java:56)
	at com.bluemeric.test.RunTest.runTests(RunTest.java:49)
	at com.bluemeric.test.RunTest.main(RunTest.java:85)
... Removed 22 stack frames]]>
    </failure>
  </testcase> <!-- getTest -->
</testsuite> <!-- HelloWorld4 -->
