<?xml version="1.0" encoding="UTF-8"?>
<!-- Generated by org.testng.reporters.JUnitXMLReporter -->
<testsuite hostname="Vinothini-PC" name="HelloWorld13" tests="1" failures="1" timestamp="18 Mar 2016 14:46:54 GMT" time="0.006" errors="0">
  <testcase name="get" time="0.006" classname="com.bluemeric.test.GenerateTest">
    <failure type="java.lang.AssertionError" message="Expected response code is 200. But got 404. Hence failed the test.">
      <![CDATA[java.lang.AssertionError: Expected response code is 200. But got 404. Hence failed the test.
	at com.bluemeric.test.GenerateTest.get(GenerateTest.java:49)
	at com.bluemeric.test.RunTest.runTests(RunTest.java:49)
	at com.bluemeric.test.RunTest.main(RunTest.java:85)
... Removed 22 stack frames]]>
    </failure>
  </testcase> <!-- get -->
</testsuite> <!-- HelloWorld13 -->
